---------------------------------------
Begin Slurm Prolog: Dec-11-2025 02:36:49
Job ID:    3968847
User ID:   wqi49
Account:   bios
Job name:  run.sh
Partition: coc-cpu
QOS:       coc-ice
---------------------------------------
rm -f heat_serial heat_openmp heat_mpi heat_hybrid
rm -f *.txt
rm -f results/*.txt results/*.png results/*.dat
Cleaned build files and results
gcc -O3 -Wall -std=c99 -o heat_serial src/heat_serial.c -lm
Built: heat_serial
gcc -O3 -Wall -std=c99 -fopenmp -o heat_openmp src/heat_openmp.c -lm
Built: heat_openmp
mpicc -O3 -Wall -std=c99 -o heat_mpi src/heat_mpi.c -lm
Built: heat_mpi
mpicc -O3 -Wall -std=c99 -fopenmp -o heat_hybrid src/heat_hybrid.c -lm
Built: heat_hybrid
=== Serial Heat Equation Solver ===
Grid size: 500 x 500
Time steps: 500
Alpha: 0.10
dx: 0.002004, dt: 0.000010, factor: 0.250000
Step 0, max diff: 2.000000e+00
Step 100, max diff: 9.365281e-02
Step 200, max diff: 6.522534e-02
Step 300, max diff: 5.284340e-02
Step 400, max diff: 4.533921e-02

=== Results ===
Total time: 0.2618 seconds
Time per step: 0.000524 seconds
Final max diff: 3.991017e-02
Approx memory used (2 grids): 3.81 MB
Total heat remaining: 2.617975e+05
Symmetry error: 1.959947e+00
Verification error: 1.959947e+00
=== OpenMP Heat Equation Solver ===
Grid size: 500 x 500
Time steps: 500
Alpha: 0.10
OpenMP threads: 1
dx: 0.002004, dt: 0.000010, factor: 0.250000
Step 0, max diff: 2.000000e+00
Step 100, max diff: 9.365281e-02
Step 200, max diff: 6.522534e-02
Step 300, max diff: 5.284340e-02
Step 400, max diff: 4.533921e-02

=== Results ===
Total time: 0.3791 seconds
Time per step: 0.000758 seconds
Final max diff: 3.991017e-02
Approx memory used (2 grids shared across threads): 3.81 MB
Total heat remaining: 2.617975e+05
Symmetry error: 1.959947e+00
Verification error: 1.959947e+00
=== OpenMP Heat Equation Solver ===
Grid size: 500 x 500
Time steps: 500
Alpha: 0.10
OpenMP threads: 2
dx: 0.002004, dt: 0.000010, factor: 0.250000
Step 0, max diff: 2.000000e+00
Step 100, max diff: 9.365281e-02
Step 200, max diff: 6.522534e-02
Step 300, max diff: 5.284340e-02
Step 400, max diff: 4.533921e-02

=== Results ===
Total time: 0.3861 seconds
Time per step: 0.000772 seconds
Final max diff: 3.991017e-02
Approx memory used (2 grids shared across threads): 3.81 MB
Total heat remaining: 2.617975e+05
Symmetry error: 1.959947e+00
Verification error: 1.959947e+00
=== OpenMP Heat Equation Solver ===
Grid size: 500 x 500
Time steps: 500
Alpha: 0.10
OpenMP threads: 4
dx: 0.002004, dt: 0.000010, factor: 0.250000
Step 0, max diff: 2.000000e+00
Step 100, max diff: 9.365281e-02
Step 200, max diff: 6.522534e-02
Step 300, max diff: 5.284340e-02
Step 400, max diff: 4.533921e-02

=== Results ===
Total time: 0.4036 seconds
Time per step: 0.000807 seconds
Final max diff: 3.991017e-02
Approx memory used (2 grids shared across threads): 3.81 MB
Total heat remaining: 2.617975e+05
Symmetry error: 1.959947e+00
Verification error: 1.959947e+00
=== OpenMP Heat Equation Solver ===
Grid size: 500 x 500
Time steps: 500
Alpha: 0.10
OpenMP threads: 8
dx: 0.002004, dt: 0.000010, factor: 0.250000
Step 0, max diff: 2.000000e+00
Step 100, max diff: 9.365281e-02
Step 200, max diff: 6.522534e-02
Step 300, max diff: 5.284340e-02
Step 400, max diff: 4.533921e-02

=== Results ===
Total time: 0.4352 seconds
Time per step: 0.000870 seconds
Final max diff: 3.991017e-02
Approx memory used (2 grids shared across threads): 3.81 MB
Total heat remaining: 2.617975e+05
Symmetry error: 1.959947e+00
Verification error: 1.959947e+00
=== MPI Heat Equation Solver ===
Grid size: 500 x 500
Time steps: 500
Alpha: 0.10
MPI processes: 2
Rows per process: ~250
Scenario: strong_n500
dx: 0.002004, dt: 0.000010, factor: 0.250000
Step 0, max diff: 2.000000e+00
Step 100, max diff: 9.365281e-02
Step 200, max diff: 6.522534e-02
Step 300, max diff: 5.284340e-02
Step 400, max diff: 4.533921e-02

=== Results ===
Total time: 0.2976 seconds
Time per step: 0.000595 seconds
Final max diff: 3.991017e-02
Approx total memory over all ranks (2 global grids): 3.81 MB
Approx average memory per rank: 1.91 MB
Total heat remaining: 2.617975e+05
Symmetry error: 0.000000e+00 (simplified check)
Verification error: 0.000000e+00
=== MPI Heat Equation Solver ===
Grid size: 500 x 500
Time steps: 500
Alpha: 0.10
MPI processes: 4
Rows per process: ~125
Scenario: strong_n500
dx: 0.002004, dt: 0.000010, factor: 0.250000
Step 0, max diff: 2.000000e+00
Step 100, max diff: 9.365281e-02
Step 200, max diff: 6.522534e-02
Step 300, max diff: 5.284340e-02
Step 400, max diff: 4.533921e-02

=== Results ===
Total time: 0.3210 seconds
Time per step: 0.000642 seconds
Final max diff: 3.991017e-02
Approx total memory over all ranks (2 global grids): 3.81 MB
Approx average memory per rank: 0.95 MB
Total heat remaining: 2.617975e+05
Symmetry error: 0.000000e+00 (simplified check)
Verification error: 0.000000e+00
=== MPI Heat Equation Solver ===
Grid size: 500 x 500
Time steps: 500
Alpha: 0.10
MPI processes: 8
Rows per process: ~62
Scenario: strong_n500
dx: 0.002004, dt: 0.000010, factor: 0.250000
Step 0, max diff: 2.000000e+00
Step 100, max diff: 9.365281e-02
Step 200, max diff: 6.522534e-02
Step 300, max diff: 5.284340e-02
Step 400, max diff: 4.533921e-02

=== Results ===
Total time: 0.3708 seconds
Time per step: 0.000742 seconds
Final max diff: 3.991017e-02
Approx total memory over all ranks (2 global grids): 3.81 MB
Approx average memory per rank: 0.48 MB
Total heat remaining: 2.617975e+05
Symmetry error: 0.000000e+00 (simplified check)
Verification error: 0.000000e+00
=== Hybrid MPI+OpenMP Heat Equation Solver ===
Grid size: 500 x 500
Time steps: 500
Alpha: 0.10
MPI processes: 1
OpenMP threads per process: 8
Total parallel tasks: 8
Rows per process: ~500
MPI thread support level: 1 (requested: 1)
dx: 0.002004, dt: 0.000010, factor: 0.250000
Step 0, max diff: 2.000000e+00
Step 100, max diff: 9.365281e-02
Step 200, max diff: 6.522534e-02
Step 300, max diff: 5.284340e-02
Step 400, max diff: 4.533921e-02

=== Results ===
Total time: 0.4912 seconds
Time per step: 0.000982 seconds
Final max diff: 3.991017e-02
Approx total memory over all ranks (2 global grids): 3.81 MB
Approx memory per MPI rank (shared by 8 threads): 3.81 MB
Total heat remaining: 2.617975e+05
Symmetry error: 0.000000e+00 (simplified check)
Verification error: 0.000000e+00
=== Hybrid MPI+OpenMP Heat Equation Solver ===
Grid size: 500 x 500
Time steps: 500
Alpha: 0.10
MPI processes: 2
OpenMP threads per process: 4
Total parallel tasks: 8
Rows per process: ~250
MPI thread support level: 1 (requested: 1)
dx: 0.002004, dt: 0.000010, factor: 0.250000
Step 0, max diff: 2.000000e+00
Step 100, max diff: 9.365281e-02
Step 200, max diff: 6.522534e-02
Step 300, max diff: 5.284340e-02
Step 400, max diff: 4.533921e-02

=== Results ===
Total time: 0.4597 seconds
Time per step: 0.000919 seconds
Final max diff: 3.991017e-02
Approx total memory over all ranks (2 global grids): 3.81 MB
Approx memory per MPI rank (shared by 4 threads): 1.91 MB
Total heat remaining: 2.617975e+05
Symmetry error: 0.000000e+00 (simplified check)
Verification error: 0.000000e+00
=== Hybrid MPI+OpenMP Heat Equation Solver ===
Grid size: 500 x 500
Time steps: 500
Alpha: 0.10
MPI processes: 4
OpenMP threads per process: 2
Total parallel tasks: 8
Rows per process: ~125
MPI thread support level: 1 (requested: 1)
dx: 0.002004, dt: 0.000010, factor: 0.250000
Step 0, max diff: 2.000000e+00
Step 100, max diff: 9.365281e-02
Step 200, max diff: 6.522534e-02
Step 300, max diff: 5.284340e-02
Step 400, max diff: 4.533921e-02

=== Results ===
Total time: 0.4653 seconds
Time per step: 0.000931 seconds
Final max diff: 3.991017e-02
Approx total memory over all ranks (2 global grids): 3.81 MB
Approx memory per MPI rank (shared by 2 threads): 0.95 MB
Total heat remaining: 2.617975e+05
Symmetry error: 0.000000e+00 (simplified check)
Verification error: 0.000000e+00
=== Hybrid MPI+OpenMP Heat Equation Solver ===
Grid size: 500 x 500
Time steps: 500
Alpha: 0.10
MPI processes: 8
OpenMP threads per process: 1
Total parallel tasks: 8
Rows per process: ~62
MPI thread support level: 1 (requested: 1)
dx: 0.002004, dt: 0.000010, factor: 0.250000
Step 0, max diff: 2.000000e+00
Step 100, max diff: 9.365281e-02
Step 200, max diff: 6.522534e-02
Step 300, max diff: 5.284340e-02
Step 400, max diff: 4.533921e-02

=== Results ===
Total time: 0.4698 seconds
Time per step: 0.000940 seconds
Final max diff: 3.991017e-02
Approx total memory over all ranks (2 global grids): 3.81 MB
Approx memory per MPI rank (shared by 1 threads): 0.48 MB
Total heat remaining: 2.617975e+05
Symmetry error: 0.000000e+00 (simplified check)
Verification error: 0.000000e+00
=== MPI Heat Equation Solver ===
Grid size: 250 x 250
Time steps: 500
Alpha: 0.10
MPI processes: 1
Rows per process: ~250
Scenario: weak
dx: 0.004016, dt: 0.000040, factor: 0.250000
Step 0, max diff: 4.000000e+00
Step 100, max diff: 1.864450e-01
Step 200, max diff: 1.195872e-01
Step 300, max diff: 8.395667e-02
Step 400, max diff: 6.217192e-02

=== Results ===
Total time: 0.0721 seconds
Time per step: 0.000144 seconds
Final max diff: 4.804238e-02
Approx total memory over all ranks (2 global grids): 0.95 MB
Approx average memory per rank: 0.95 MB
Total heat remaining: 6.544539e+04
Symmetry error: 0.000000e+00 (simplified check)
Verification error: 0.000000e+00
=== MPI Heat Equation Solver ===
Grid size: 500 x 500
Time steps: 500
Alpha: 0.10
MPI processes: 2
Rows per process: ~250
Scenario: weak
dx: 0.002004, dt: 0.000010, factor: 0.250000
Step 0, max diff: 2.000000e+00
Step 100, max diff: 9.365281e-02
Step 200, max diff: 6.522534e-02
Step 300, max diff: 5.284340e-02
Step 400, max diff: 4.533921e-02

=== Results ===
Total time: 0.2973 seconds
Time per step: 0.000595 seconds
Final max diff: 3.991017e-02
Approx total memory over all ranks (2 global grids): 3.81 MB
Approx average memory per rank: 1.91 MB
Total heat remaining: 2.617975e+05
Symmetry error: 0.000000e+00 (simplified check)
Verification error: 0.000000e+00
=== MPI Heat Equation Solver ===
Grid size: 1000 x 1000
Time steps: 500
Alpha: 0.10
MPI processes: 4
Rows per process: ~250
Scenario: weak
dx: 0.001001, dt: 0.000003, factor: 0.250000
Step 0, max diff: 1.000000e+00
Step 100, max diff: 4.682640e-02
Step 200, max diff: 3.261312e-02
Step 300, max diff: 2.644322e-02
Step 400, max diff: 2.280360e-02

=== Results ===
Total time: 1.2163 seconds
Time per step: 0.002433 seconds
Final max diff: 2.033655e-02
Approx total memory over all ranks (2 global grids): 15.26 MB
Approx average memory per rank: 3.81 MB
Total heat remaining: 1.047196e+06
Symmetry error: 0.000000e+00 (simplified check)
Verification error: 0.000000e+00
=== MPI Heat Equation Solver ===
Grid size: 2000 x 2000
Time steps: 500
Alpha: 0.10
MPI processes: 8
Rows per process: ~250
Scenario: weak
dx: 0.000500, dt: 0.000001, factor: 0.250000
Step 0, max diff: 5.000000e-01
Step 100, max diff: 2.341320e-02
Step 200, max diff: 1.630656e-02
Step 300, max diff: 1.322161e-02
Step 400, max diff: 1.140180e-02

=== Results ===
Total time: 4.8817 seconds
Time per step: 0.009763 seconds
Final max diff: 1.016827e-02
Approx total memory over all ranks (2 global grids): 61.04 MB
Approx average memory per rank: 7.63 MB
Total heat remaining: 4.188789e+06
Symmetry error: 0.000000e+00 (simplified check)
Verification error: 0.000000e+00
=== OpenMP Heat Equation Solver ===
Grid size: 1000 x 1000
Time steps: 500
Alpha: 0.10
OpenMP threads: 1
dx: 0.001001, dt: 0.000003, factor: 0.250000
Step 0, max diff: 1.000000e+00
Step 100, max diff: 4.682640e-02
Step 200, max diff: 3.261312e-02
Step 300, max diff: 2.644322e-02
Step 400, max diff: 2.280360e-02

=== Results ===
Total time: 1.5238 seconds
Time per step: 0.003048 seconds
Final max diff: 2.033655e-02
Approx memory used (2 grids shared across threads): 15.26 MB
Total heat remaining: 1.047196e+06
Symmetry error: 1.351328e+00
Verification error: 1.351328e+00
=== OpenMP Heat Equation Solver ===
Grid size: 1000 x 1000
Time steps: 500
Alpha: 0.10
OpenMP threads: 2
dx: 0.001001, dt: 0.000003, factor: 0.250000
Step 0, max diff: 1.000000e+00
Step 100, max diff: 4.682640e-02
Step 200, max diff: 3.261312e-02
Step 300, max diff: 2.644322e-02
Step 400, max diff: 2.280360e-02

=== Results ===
Total time: 1.5336 seconds
Time per step: 0.003067 seconds
Final max diff: 2.033655e-02
Approx memory used (2 grids shared across threads): 15.26 MB
Total heat remaining: 1.047196e+06
Symmetry error: 1.351328e+00
Verification error: 1.351328e+00
=== OpenMP Heat Equation Solver ===
Grid size: 1000 x 1000
Time steps: 500
Alpha: 0.10
OpenMP threads: 4
dx: 0.001001, dt: 0.000003, factor: 0.250000
Step 0, max diff: 1.000000e+00
Step 100, max diff: 4.682640e-02
Step 200, max diff: 3.261312e-02
Step 300, max diff: 2.644322e-02
Step 400, max diff: 2.280360e-02

=== Results ===
Total time: 1.5534 seconds
Time per step: 0.003107 seconds
Final max diff: 2.033655e-02
Approx memory used (2 grids shared across threads): 15.26 MB
Total heat remaining: 1.047196e+06
Symmetry error: 1.351328e+00
Verification error: 1.351328e+00
=== OpenMP Heat Equation Solver ===
Grid size: 1000 x 1000
Time steps: 500
Alpha: 0.10
OpenMP threads: 8
dx: 0.001001, dt: 0.000003, factor: 0.250000
Step 0, max diff: 1.000000e+00
Step 100, max diff: 4.682640e-02
Step 200, max diff: 3.261312e-02
Step 300, max diff: 2.644322e-02
Step 400, max diff: 2.280360e-02

=== Results ===
Total time: 1.5904 seconds
Time per step: 0.003181 seconds
Final max diff: 2.033655e-02
Approx memory used (2 grids shared across threads): 15.26 MB
Total heat remaining: 1.047196e+06
Symmetry error: 1.351328e+00
Verification error: 1.351328e+00
---------------------------------------
Begin Slurm Epilog: Dec-11-2025 02:37:17
Job ID:        3968847
User ID:       wqi49
Account:       bios
Job name:      run.sh
Resources:     cpu=1,mem=4G,node=1
Rsrc Used:     cput=00:00:28,vmem=0,walltime=00:00:28,mem=600328K,energy_used=0
Partition:     coc-cpu
QOS:           coc-ice
Nodes:         atl1-1-02-004-15-2
---------------------------------------
