=== Hybrid MPI+OpenMP Heat Equation Solver ===
Grid size: 500 x 500
Time steps: 500
Alpha: 0.10
MPI processes: 2
OpenMP threads per process: 4
Total parallel tasks: 8
Rows per process: ~250
MPI thread support level: 1 (requested: 1)
dx: 0.002004, dt: 0.000010, factor: 0.250000
Step 0, max diff: 2.000000e+00
Step 100, max diff: 9.365281e-02
Step 200, max diff: 6.522534e-02
Step 300, max diff: 5.284340e-02
Step 400, max diff: 4.533921e-02

=== Results ===
Total time: 0.4597 seconds
Time per step: 0.000919 seconds
Final max diff: 3.991017e-02
Approx total memory over all ranks (2 global grids): 3.81 MB
Approx memory per MPI rank (shared by 4 threads): 1.91 MB
Total heat remaining: 2.617975e+05
Symmetry error: 0.000000e+00 (simplified check)
Verification error: 0.000000e+00
