=== MPI Heat Equation Solver ===
Grid size: 250 x 250
Time steps: 500
Alpha: 0.10
MPI processes: 1
Rows per process: ~250
Scenario: weak
dx: 0.004016, dt: 0.000040, factor: 0.250000
Step 0, max diff: 4.000000e+00
Step 100, max diff: 1.864450e-01
Step 200, max diff: 1.195872e-01
Step 300, max diff: 8.395667e-02
Step 400, max diff: 6.217192e-02

=== Results ===
Total time: 0.0721 seconds
Time per step: 0.000144 seconds
Final max diff: 4.804238e-02
Approx total memory over all ranks (2 global grids): 0.95 MB
Approx average memory per rank: 0.95 MB
Total heat remaining: 6.544539e+04
Symmetry error: 0.000000e+00 (simplified check)
Verification error: 0.000000e+00
