=== MPI Heat Equation Solver ===
Grid size: 2000 x 2000
Time steps: 500
Alpha: 0.10
MPI processes: 8
Rows per process: ~250
Scenario: weak
dx: 0.000500, dt: 0.000001, factor: 0.250000
Step 0, max diff: 5.000000e-01
Step 100, max diff: 2.341320e-02
Step 200, max diff: 1.630656e-02
Step 300, max diff: 1.322161e-02
Step 400, max diff: 1.140180e-02

=== Results ===
Total time: 4.8817 seconds
Time per step: 0.009763 seconds
Final max diff: 1.016827e-02
Approx total memory over all ranks (2 global grids): 61.04 MB
Approx average memory per rank: 7.63 MB
Total heat remaining: 4.188789e+06
Symmetry error: 0.000000e+00 (simplified check)
Verification error: 0.000000e+00
